[0.457s] Invoking command in '/home/saturn/Desktop/Dev/catamaran/build/catamaran_sensors': PYTHONPATH=/home/saturn/Desktop/Dev/catamaran/build/catamaran_sensors/prefix_override:/home/saturn/Desktop/Dev/catamaran/install/catamaran_sensors/lib/python3.10/site-packages:${PYTHONPATH} /usr/bin/python3 setup.py develop --editable --build-directory /home/saturn/Desktop/Dev/catamaran/build/catamaran_sensors/build --no-deps install_data
[0.620s] running develop
[0.621s] /usr/lib/python3/dist-packages/setuptools/command/easy_install.py:158: EasyInstallDeprecationWarning: easy_install command is deprecated. Use build and pip and other standards-based tools.
[0.621s]   warnings.warn(
[0.621s] /usr/lib/python3/dist-packages/setuptools/command/install.py:34: SetuptoolsDeprecationWarning: setup.py install is deprecated. Use build and pip and other standards-based tools.
[0.621s]   warnings.warn(
[0.703s] running egg_info
[0.703s] writing catamaran_sensors.egg-info/PKG-INFO
[0.703s] writing dependency_links to catamaran_sensors.egg-info/dependency_links.txt
[0.703s] writing entry points to catamaran_sensors.egg-info/entry_points.txt
[0.703s] writing requirements to catamaran_sensors.egg-info/requires.txt
[0.703s] writing top-level names to catamaran_sensors.egg-info/top_level.txt
[0.705s] reading manifest file 'catamaran_sensors.egg-info/SOURCES.txt'
[0.705s] writing manifest file 'catamaran_sensors.egg-info/SOURCES.txt'
[0.706s] running build_ext
[0.706s] Creating /home/saturn/Desktop/Dev/catamaran/install/catamaran_sensors/lib/python3.10/site-packages/catamaran-sensors.egg-link (link to .)
[0.706s] Installing sensor_subcriber script to /home/saturn/Desktop/Dev/catamaran/install/catamaran_sensors/lib/catamaran_sensors
[0.706s] 
[0.707s] Installed /home/saturn/Desktop/Dev/catamaran/build/catamaran_sensors
[0.707s] running install_data
[0.725s] Invoked command in '/home/saturn/Desktop/Dev/catamaran/build/catamaran_sensors' returned '0': PYTHONPATH=/home/saturn/Desktop/Dev/catamaran/build/catamaran_sensors/prefix_override:/home/saturn/Desktop/Dev/catamaran/install/catamaran_sensors/lib/python3.10/site-packages:${PYTHONPATH} /usr/bin/python3 setup.py develop --editable --build-directory /home/saturn/Desktop/Dev/catamaran/build/catamaran_sensors/build --no-deps install_data
