[0.042s] Invoking command in '/home/saturn/Desktop/Dev/catamaran/build/catamaran_sensors': CMAKE_PREFIX_PATH=${CMAKE_PREFIX_PATH}:/opt/ros/humble /usr/bin/cmake /home/saturn/Desktop/Dev/catamaran/src/catamaran_sensors -DAMENT_CMAKE_SYMLINK_INSTALL=1 -DCMAKE_INSTALL_PREFIX=/home/saturn/Desktop/Dev/catamaran/install/catamaran_sensors
[0.110s] -- The C compiler identification is GNU 11.4.0
[0.170s] -- The CXX compiler identification is GNU 11.4.0
[0.177s] -- Detecting C compiler ABI info
[0.221s] -- Detecting C compiler ABI info - done
[0.229s] -- Check for working C compiler: /usr/bin/cc - skipped
[0.230s] -- Detecting C compile features
[0.230s] -- Detecting C compile features - done
[0.233s] -- Detecting CXX compiler ABI info
[0.282s] -- Detecting CXX compiler ABI info - done
[0.287s] -- Check for working CXX compiler: /usr/bin/c++ - skipped
[0.287s] -- Detecting CXX compile features
[0.288s] -- Detecting CXX compile features - done
[0.291s] -- Found ament_cmake: 1.3.7 (/opt/ros/humble/share/ament_cmake/cmake)
[0.412s] -- Found Python3: /usr/bin/python3.10 (found version "3.10.12") found components: Interpreter 
[0.462s] -- Override CMake install command with custom implementation using symlinks instead of copying resources
[0.482s] -- Found ament_lint_auto: 0.12.10 (/opt/ros/humble/share/ament_lint_auto/cmake)
[0.551s] -- Added test 'flake8' to check Python code syntax and style conventions
[0.551s] -- Added test 'lint_cmake' to check CMake code style
[0.551s] -- Added test 'pep257' to check Python code against some of the docstring style conventions in PEP 257
[0.552s] -- Added test 'xmllint' to check XML markup files
[0.553s] -- Configuring done
[0.555s] -- Generating done
[0.556s] -- Build files have been written to: /home/saturn/Desktop/Dev/catamaran/build/catamaran_sensors
[0.559s] Invoked command in '/home/saturn/Desktop/Dev/catamaran/build/catamaran_sensors' returned '0': CMAKE_PREFIX_PATH=${CMAKE_PREFIX_PATH}:/opt/ros/humble /usr/bin/cmake /home/saturn/Desktop/Dev/catamaran/src/catamaran_sensors -DAMENT_CMAKE_SYMLINK_INSTALL=1 -DCMAKE_INSTALL_PREFIX=/home/saturn/Desktop/Dev/catamaran/install/catamaran_sensors
[0.560s] Invoking command in '/home/saturn/Desktop/Dev/catamaran/build/catamaran_sensors': CMAKE_PREFIX_PATH=${CMAKE_PREFIX_PATH}:/opt/ros/humble /usr/bin/cmake --build /home/saturn/Desktop/Dev/catamaran/build/catamaran_sensors -- -j16 -l16
[0.584s] Invoked command in '/home/saturn/Desktop/Dev/catamaran/build/catamaran_sensors' returned '0': CMAKE_PREFIX_PATH=${CMAKE_PREFIX_PATH}:/opt/ros/humble /usr/bin/cmake --build /home/saturn/Desktop/Dev/catamaran/build/catamaran_sensors -- -j16 -l16
[0.602s] Invoking command in '/home/saturn/Desktop/Dev/catamaran/build/catamaran_sensors': CMAKE_PREFIX_PATH=${CMAKE_PREFIX_PATH}:/opt/ros/humble /usr/bin/cmake --install /home/saturn/Desktop/Dev/catamaran/build/catamaran_sensors
[0.606s] -- Install configuration: ""
[0.606s] -- Execute custom install script
[0.607s] -- Symlinking: /home/saturn/Desktop/Dev/catamaran/install/catamaran_sensors/share/catamaran_sensors/launch/sensors.launch.py
[0.611s] -- Symlinking: /home/saturn/Desktop/Dev/catamaran/install/catamaran_sensors/share/catamaran_sensors/launch/subcriber.launch.py
[0.616s] -- Symlinking: /home/saturn/Desktop/Dev/catamaran/install/catamaran_sensors/share/ament_index/resource_index/package_run_dependencies/catamaran_sensors
[0.621s] -- Symlinking: /home/saturn/Desktop/Dev/catamaran/install/catamaran_sensors/share/ament_index/resource_index/parent_prefix_path/catamaran_sensors
[0.625s] -- Symlinking: /home/saturn/Desktop/Dev/catamaran/install/catamaran_sensors/share/catamaran_sensors/environment/ament_prefix_path.sh
[0.629s] -- Symlinking: /home/saturn/Desktop/Dev/catamaran/install/catamaran_sensors/share/catamaran_sensors/environment/ament_prefix_path.dsv
[0.634s] -- Symlinking: /home/saturn/Desktop/Dev/catamaran/install/catamaran_sensors/share/catamaran_sensors/environment/path.sh
[0.638s] -- Symlinking: /home/saturn/Desktop/Dev/catamaran/install/catamaran_sensors/share/catamaran_sensors/environment/path.dsv
[0.642s] -- Symlinking: /home/saturn/Desktop/Dev/catamaran/install/catamaran_sensors/share/catamaran_sensors/local_setup.bash
[0.645s] -- Symlinking: /home/saturn/Desktop/Dev/catamaran/install/catamaran_sensors/share/catamaran_sensors/local_setup.sh
[0.649s] -- Symlinking: /home/saturn/Desktop/Dev/catamaran/install/catamaran_sensors/share/catamaran_sensors/local_setup.zsh
[0.653s] -- Symlinking: /home/saturn/Desktop/Dev/catamaran/install/catamaran_sensors/share/catamaran_sensors/local_setup.dsv
[0.657s] -- Symlinking: /home/saturn/Desktop/Dev/catamaran/install/catamaran_sensors/share/catamaran_sensors/package.dsv
[0.660s] -- Symlinking: /home/saturn/Desktop/Dev/catamaran/install/catamaran_sensors/share/ament_index/resource_index/packages/catamaran_sensors
[0.664s] -- Symlinking: /home/saturn/Desktop/Dev/catamaran/install/catamaran_sensors/share/catamaran_sensors/cmake/catamaran_sensorsConfig.cmake
[0.668s] -- Symlinking: /home/saturn/Desktop/Dev/catamaran/install/catamaran_sensors/share/catamaran_sensors/cmake/catamaran_sensorsConfig-version.cmake
[0.672s] -- Symlinking: /home/saturn/Desktop/Dev/catamaran/install/catamaran_sensors/share/catamaran_sensors/package.xml
[0.688s] Invoked command in '/home/saturn/Desktop/Dev/catamaran/build/catamaran_sensors' returned '0': CMAKE_PREFIX_PATH=${CMAKE_PREFIX_PATH}:/opt/ros/humble /usr/bin/cmake --install /home/saturn/Desktop/Dev/catamaran/build/catamaran_sensors
